This file contains any messages produced by compilers while
running configure, to aid debugging if configure makes a mistake.

It was created by configure, which was
generated by GNU Autoconf 2.69.  Invocation command line was

  $ ../../binutils/binutils-2.42.90/configure --target=i686-elf --prefix=/home/aidan/os-project/cross-compiler/ --with-sysroot --disable-nls --disable-werror

## --------- ##
## Platform. ##
## --------- ##

hostname = MSI
uname -m = x86_64
uname -r = 5.15.153.1-microsoft-standard-WSL2
uname -s = Linux
uname -v = #1 SMP Fri Mar 29 23:14:13 UTC 2024

/usr/bin/uname -p = x86_64
/bin/uname -X     = unknown

/bin/arch              = x86_64
/usr/bin/arch -k       = unknown
/usr/convex/getsysinfo = unknown
/usr/bin/hostinfo      = unknown
/bin/machine           = unknown
/usr/bin/oslevel       = unknown
/bin/universe          = unknown

PATH: /home/aidan/os-project/cross-compiler//bin
PATH: /home/aidan/os-project/cross-compiler/bin
PATH: /home/aidan/os-project/cross-compiler/bin
PATH: /usr/local/sbin
PATH: /usr/local/bin
PATH: /usr/sbin
PATH: /usr/bin
PATH: /sbin
PATH: /bin
PATH: /snap/bin


## ----------- ##
## Core tests. ##
## ----------- ##

configure:2401: checking build system type
configure:2415: result: x86_64-pc-linux-gnu
configure:2462: checking host system type
configure:2475: result: x86_64-pc-linux-gnu
configure:2495: checking target system type
configure:2508: result: i686-pc-elf
configure:2561: checking for a BSD-compatible install
configure:2629: result: /usr/bin/install -c
configure:2640: checking whether ln works
configure:2662: result: yes
configure:2666: checking whether ln -s works
configure:2670: result: yes
configure:2677: checking for a sed that does not truncate output
configure:2741: result: /usr/bin/sed
configure:2750: checking for gawk
configure:2766: found /usr/bin/gawk
configure:2777: result: gawk
configure:4222: checking for gcc
configure:4238: found /usr/bin/gcc
configure:4249: result: gcc
configure:4478: checking for C compiler version
configure:4487: gcc --version >&5
gcc (Ubuntu 11.4.0-1ubuntu1~22.04) 11.4.0
Copyright (C) 2021 Free Software Foundation, Inc.
This is free software; see the source for copying conditions.  There is NO
warranty; not even for MERCHANTABILITY or FITNESS FOR A PARTICULAR PURPOSE.

configure:4498: $? = 0
configure:4487: gcc -v >&5
Using built-in specs.
COLLECT_GCC=gcc
COLLECT_LTO_WRAPPER=/usr/lib/gcc/x86_64-linux-gnu/11/lto-wrapper
OFFLOAD_TARGET_NAMES=nvptx-none:amdgcn-amdhsa
OFFLOAD_TARGET_DEFAULT=1
Target: x86_64-linux-gnu
Configured with: ../src/configure -v --with-pkgversion='Ubuntu 11.4.0-1ubuntu1~22.04' --with-bugurl=file:///usr/share/doc/gcc-11/README.Bugs --enable-languages=c,ada,c++,go,brig,d,fortran,objc,obj-c++,m2 --prefix=/usr --with-gcc-major-version-only --program-suffix=-11 --program-prefix=x86_64-linux-gnu- --enable-shared --enable-linker-build-id --libexecdir=/usr/lib --without-included-gettext --enable-threads=posix --libdir=/usr/lib --enable-nls --enable-bootstrap --enable-clocale=gnu --enable-libstdcxx-debug --enable-libstdcxx-time=yes --with-default-libstdcxx-abi=new --enable-gnu-unique-object --disable-vtable-verify --enable-plugin --enable-default-pie --with-system-zlib --enable-libphobos-checking=release --with-target-system-zlib=auto --enable-objc-gc=auto --enable-multiarch --disable-werror --enable-cet --with-arch-32=i686 --with-abi=m64 --with-multilib-list=m32,m64,mx32 --enable-multilib --with-tune=generic --enable-offload-targets=nvptx-none=/build/gcc-11-XeT9lY/gcc-11-11.4.0/debian/tmp-nvptx/usr,amdgcn-amdhsa=/build/gcc-11-XeT9lY/gcc-11-11.4.0/debian/tmp-gcn/usr --without-cuda-driver --enable-checking=release --build=x86_64-linux-gnu --host=x86_64-linux-gnu --target=x86_64-linux-gnu --with-build-config=bootstrap-lto-lean --enable-link-serialization=2
Thread model: posix
Supported LTO compression algorithms: zlib zstd
gcc version 11.4.0 (Ubuntu 11.4.0-1ubuntu1~22.04) 
... rest of stderr output deleted ...
configure:4498: $? = 0
configure:4487: gcc -V >&5
gcc: error: unrecognized command-line option '-V'
gcc: fatal error: no input files
compilation terminated.
configure:4498: $? = 1
configure:4487: gcc -qversion >&5
gcc: error: unrecognized command-line option '-qversion'; did you mean '--version'?
gcc: fatal error: no input files
compilation terminated.
configure:4498: $? = 1
configure:4518: checking whether the C compiler works
configure:4540: gcc    conftest.c  >&5
configure:4544: $? = 0
configure:4592: result: yes
configure:4595: checking for C compiler default output file name
configure:4597: result: a.out
configure:4603: checking for suffix of executables
configure:4610: gcc -o conftest    conftest.c  >&5
configure:4614: $? = 0
configure:4636: result: 
configure:4658: checking whether we are cross compiling
configure:4666: gcc -o conftest    conftest.c  >&5
configure:4670: $? = 0
configure:4677: ./conftest
configure:4681: $? = 0
configure:4696: result: no
configure:4701: checking for suffix of object files
configure:4723: gcc -c   conftest.c >&5
configure:4727: $? = 0
configure:4748: result: o
configure:4752: checking whether we are using the GNU C compiler
configure:4771: gcc -c   conftest.c >&5
configure:4771: $? = 0
configure:4780: result: yes
configure:4789: checking whether gcc accepts -g
configure:4809: gcc -c -g  conftest.c >&5
configure:4809: $? = 0
configure:4850: result: yes
configure:4867: checking for gcc option to accept ISO C89
configure:4930: gcc  -c -g -O2  conftest.c >&5
configure:4930: $? = 0
configure:4943: result: none needed
configure:4963: checking for gcc option to accept ISO C99
configure:5112: gcc  -c -g -O2  conftest.c >&5
configure:5112: $? = 0
configure:5125: result: none needed
configure:5198: checking for g++
configure:5214: found /usr/bin/g++
configure:5225: result: g++
configure:5252: checking for C++ compiler version
configure:5261: g++ --version >&5
g++ (Ubuntu 11.4.0-1ubuntu1~22.04) 11.4.0
Copyright (C) 2021 Free Software Foundation, Inc.
This is free software; see the source for copying conditions.  There is NO
warranty; not even for MERCHANTABILITY or FITNESS FOR A PARTICULAR PURPOSE.

configure:5272: $? = 0
configure:5261: g++ -v >&5
Using built-in specs.
COLLECT_GCC=g++
COLLECT_LTO_WRAPPER=/usr/lib/gcc/x86_64-linux-gnu/11/lto-wrapper
OFFLOAD_TARGET_NAMES=nvptx-none:amdgcn-amdhsa
OFFLOAD_TARGET_DEFAULT=1
Target: x86_64-linux-gnu
Configured with: ../src/configure -v --with-pkgversion='Ubuntu 11.4.0-1ubuntu1~22.04' --with-bugurl=file:///usr/share/doc/gcc-11/README.Bugs --enable-languages=c,ada,c++,go,brig,d,fortran,objc,obj-c++,m2 --prefix=/usr --with-gcc-major-version-only --program-suffix=-11 --program-prefix=x86_64-linux-gnu- --enable-shared --enable-linker-build-id --libexecdir=/usr/lib --without-included-gettext --enable-threads=posix --libdir=/usr/lib --enable-nls --enable-bootstrap --enable-clocale=gnu --enable-libstdcxx-debug --enable-libstdcxx-time=yes --with-default-libstdcxx-abi=new --enable-gnu-unique-object --disable-vtable-verify --enable-plugin --enable-default-pie --with-system-zlib --enable-libphobos-checking=release --with-target-system-zlib=auto --enable-objc-gc=auto --enable-multiarch --disable-werror --enable-cet --with-arch-32=i686 --with-abi=m64 --with-multilib-list=m32,m64,mx32 --enable-multilib --with-tune=generic --enable-offload-targets=nvptx-none=/build/gcc-11-XeT9lY/gcc-11-11.4.0/debian/tmp-nvptx/usr,amdgcn-amdhsa=/build/gcc-11-XeT9lY/gcc-11-11.4.0/debian/tmp-gcn/usr --without-cuda-driver --enable-checking=release --build=x86_64-linux-gnu --host=x86_64-linux-gnu --target=x86_64-linux-gnu --with-build-config=bootstrap-lto-lean --enable-link-serialization=2
Thread model: posix
Supported LTO compression algorithms: zlib zstd
gcc version 11.4.0 (Ubuntu 11.4.0-1ubuntu1~22.04) 
... rest of stderr output deleted ...
configure:5272: $? = 0
configure:5261: g++ -V >&5
g++: error: unrecognized command-line option '-V'
g++: fatal error: no input files
compilation terminated.
configure:5272: $? = 1
configure:5261: g++ -qversion >&5
g++: error: unrecognized command-line option '-qversion'; did you mean '--version'?
g++: fatal error: no input files
compilation terminated.
configure:5272: $? = 1
configure:5276: checking whether we are using the GNU C++ compiler
configure:5295: g++ -c   conftest.cpp >&5
configure:5295: $? = 0
configure:5304: result: yes
configure:5313: checking whether g++ accepts -g
configure:5333: g++ -c -g  conftest.cpp >&5
configure:5333: $? = 0
configure:5374: result: yes
configure:5423: checking whether g++ accepts -static-libstdc++ -static-libgcc
configure:5440: g++ -o conftest -g -O2   -static-libstdc++ -static-libgcc conftest.cpp  >&5
configure:5440: $? = 0
configure:5441: result: yes
configure:5505: checking for gnatbind
configure:5535: result: no
configure:5597: checking for gnatmake
configure:5627: result: no
configure:5646: checking whether compiler driver understands Ada and is recent enough
configure:5673: result: no
configure:5727: checking for gdc
configure:5757: result: no
configure:5776: checking whether the D compiler works
configure:5793: result: no
configure:5801: checking how to compare bootstrapped objects
configure:5826: result: cmp --ignore-initial=16 $$f1 $$f2
configure:7970: checking for objdir
configure:7985: result: .libs
configure:8601: checking for isl 0.15 or later
configure:8614: gcc -o conftest -g -O2      -lisl -lmpfr -lgmp conftest.c  -lisl -lgmp >&5
configure:8614: $? = 0
configure:8621: result: yes
configure:9859: checking for default BUILD_CONFIG
configure:9891: result: 
configure:9896: checking for --enable-vtable-verify
configure:9909: result: no
configure:10587: checking for bison
configure:10603: found /usr/bin/bison
configure:10614: result: bison -y
configure:10634: checking for bison
configure:10650: found /usr/bin/bison
configure:10661: result: bison
configure:10681: checking for gm4
configure:10711: result: no
configure:10681: checking for gnum4
configure:10711: result: no
configure:10681: checking for m4
configure:10697: found /usr/bin/m4
configure:10708: result: m4
configure:10728: checking for flex
configure:10744: found /usr/bin/flex
configure:10755: result: flex
configure:10776: checking for flex
configure:10792: found /usr/bin/flex
configure:10803: result: flex
configure:10823: checking for makeinfo
configure:10839: found /usr/bin/makeinfo
configure:10850: result: makeinfo
configure:10884: checking for expect
configure:10914: result: no
configure:10933: checking for runtest
configure:10963: result: no
configure:11078: checking for ar
configure:11094: found /usr/bin/ar
configure:11105: result: ar
configure:11219: checking for as
configure:11235: found /usr/bin/as
configure:11246: result: as
configure:11360: checking for dlltool
configure:11390: result: no
configure:11501: checking for dsymutil
configure:11531: result: no
configure:11642: checking for ld
configure:11658: found /usr/bin/ld
configure:11669: result: ld
configure:11783: checking for lipo
configure:11813: result: no
configure:11924: checking for nm
configure:11940: found /usr/bin/nm
configure:11951: result: nm
configure:12065: checking for ranlib
configure:12081: found /usr/bin/ranlib
configure:12092: result: ranlib
configure:12201: checking for strip
configure:12217: found /usr/bin/strip
configure:12228: result: strip
configure:12337: checking for windres
configure:12367: result: no
configure:12478: checking for windmc
configure:12508: result: no
configure:12619: checking for objcopy
configure:12635: found /usr/bin/objcopy
configure:12646: result: objcopy
configure:12760: checking for objdump
configure:12776: found /usr/bin/objdump
configure:12787: result: objdump
configure:12901: checking for otool
configure:12931: result: no
configure:13042: checking for readelf
configure:13058: found /usr/bin/readelf
configure:13069: result: readelf
configure:13099: checking for -plugin option
configure:13219: result: --plugin /usr/lib/gcc/x86_64-linux-gnu/11/liblto_plugin.so
configure:13327: checking for i686-elf-cc
configure:13357: result: no
configure:13327: checking for i686-elf-gcc
configure:13357: result: no
configure:13488: checking for i686-elf-c++
configure:13518: result: no
configure:13488: checking for i686-elf-g++
configure:13518: result: no
configure:13488: checking for i686-elf-cxx
configure:13518: result: no
configure:13488: checking for i686-elf-gxx
configure:13518: result: no
configure:13649: checking for i686-elf-gcc
configure:13679: result: no
configure:13805: checking for i686-elf-gfortran
configure:13835: result: no
configure:13966: checking for i686-elf-gccgo
configure:13996: result: no
configure:14127: checking for i686-elf-gdc
configure:14157: result: no
configure:14288: checking for i686-elf-gm2
configure:14318: result: no
configure:14529: checking for i686-elf-ar
configure:14559: result: no
configure:14759: checking for i686-elf-as
configure:14789: result: no
configure:14989: checking for i686-elf-dlltool
configure:15019: result: no
configure:15219: checking for i686-elf-dsymutil
configure:15249: result: no
configure:15449: checking for i686-elf-ld
configure:15479: result: no
configure:15679: checking for i686-elf-lipo
configure:15709: result: no
configure:15909: checking for i686-elf-nm
configure:15939: result: no
configure:16139: checking for i686-elf-objcopy
configure:16169: result: no
configure:16369: checking for i686-elf-objdump
configure:16399: result: no
configure:16599: checking for i686-elf-otool
configure:16629: result: no
configure:16829: checking for i686-elf-ranlib
configure:16859: result: no
configure:17059: checking for i686-elf-readelf
configure:17089: result: no
configure:17289: checking for i686-elf-strip
configure:17319: result: no
configure:17519: checking for i686-elf-windres
configure:17549: result: no
configure:17749: checking for i686-elf-windmc
configure:17779: result: no
configure:17846: checking where to find the target ar
configure:17869: result: just compiled
configure:17888: checking where to find the target as
configure:17911: result: just compiled
configure:17930: checking where to find the target cc
configure:17967: result: pre-installed
configure:17972: checking where to find the target c++
configure:18012: result: pre-installed
configure:18017: checking where to find the target c++ for libstdc++
configure:18057: result: pre-installed
configure:18062: checking where to find the target dlltool
configure:18085: result: just compiled
configure:18104: checking where to find the target dsymutil
configure:18130: result: pre-installed
configure:18135: checking where to find the target gcc
configure:18172: result: pre-installed
configure:18177: checking where to find the target gfortran
configure:18217: result: pre-installed
configure:18222: checking where to find the target gccgo
configure:18262: result: pre-installed
configure:18267: checking where to find the target gdc
configure:18307: result: pre-installed
configure:18312: checking where to find the target gm2
configure:18352: result: pre-installed
configure:18357: checking where to find the target ld
configure:18380: result: just compiled
configure:18399: checking where to find the target lipo
configure:18425: result: pre-installed
configure:18430: checking where to find the target nm
configure:18453: result: just compiled
configure:18472: checking where to find the target objcopy
configure:18495: result: just compiled
configure:18514: checking where to find the target objdump
configure:18537: result: just compiled
configure:18556: checking where to find the target otool
configure:18582: result: pre-installed
configure:18587: checking where to find the target ranlib
configure:18610: result: just compiled
configure:18629: checking where to find the target readelf
configure:18652: result: just compiled
configure:18671: checking where to find the target strip
configure:18694: result: just compiled
configure:18713: checking where to find the target windres
configure:18736: result: just compiled
configure:18755: checking where to find the target windmc
configure:18778: result: just compiled
configure:18825: checking whether to enable maintainer-specific portions of Makefiles
configure:18834: result: no
configure:19071: creating ./config.status

## ---------------------- ##
## Running config.status. ##
## ---------------------- ##

This file was extended by config.status, which was
generated by GNU Autoconf 2.69.  Invocation command line was

  CONFIG_FILES    = 
  CONFIG_HEADERS  = 
  CONFIG_LINKS    = 
  CONFIG_COMMANDS = 
  $ ./config.status 

on MSI

config.status:998: creating Makefile

## ---------------- ##
## Cache variables. ##
## ---------------- ##

ac_cv_build=x86_64-pc-linux-gnu
ac_cv_c_compiler_gnu=yes
ac_cv_cxx_compiler_gnu=yes
ac_cv_env_AR_FOR_TARGET_set=
ac_cv_env_AR_FOR_TARGET_value=
ac_cv_env_AR_set=
ac_cv_env_AR_value=
ac_cv_env_AS_FOR_TARGET_set=
ac_cv_env_AS_FOR_TARGET_value=
ac_cv_env_AS_set=
ac_cv_env_AS_value=
ac_cv_env_CCC_set=
ac_cv_env_CCC_value=
ac_cv_env_CC_FOR_TARGET_set=
ac_cv_env_CC_FOR_TARGET_value=
ac_cv_env_CC_set=
ac_cv_env_CC_value=
ac_cv_env_CFLAGS_set=
ac_cv_env_CFLAGS_value=
ac_cv_env_CPPFLAGS_set=
ac_cv_env_CPPFLAGS_value=
ac_cv_env_CXXFLAGS_set=
ac_cv_env_CXXFLAGS_value=
ac_cv_env_CXX_FOR_TARGET_set=
ac_cv_env_CXX_FOR_TARGET_value=
ac_cv_env_CXX_set=
ac_cv_env_CXX_value=
ac_cv_env_DLLTOOL_FOR_TARGET_set=
ac_cv_env_DLLTOOL_FOR_TARGET_value=
ac_cv_env_DLLTOOL_set=
ac_cv_env_DLLTOOL_value=
ac_cv_env_DSYMUTIL_FOR_TARGET_set=
ac_cv_env_DSYMUTIL_FOR_TARGET_value=
ac_cv_env_DSYMUTIL_set=
ac_cv_env_DSYMUTIL_value=
ac_cv_env_GCC_FOR_TARGET_set=
ac_cv_env_GCC_FOR_TARGET_value=
ac_cv_env_GDC_FOR_TARGET_set=
ac_cv_env_GDC_FOR_TARGET_value=
ac_cv_env_GFORTRAN_FOR_TARGET_set=
ac_cv_env_GFORTRAN_FOR_TARGET_value=
ac_cv_env_GM2_FOR_TARGET_set=
ac_cv_env_GM2_FOR_TARGET_value=
ac_cv_env_GOC_FOR_TARGET_set=
ac_cv_env_GOC_FOR_TARGET_value=
ac_cv_env_LDFLAGS_set=
ac_cv_env_LDFLAGS_value=
ac_cv_env_LD_FOR_TARGET_set=
ac_cv_env_LD_FOR_TARGET_value=
ac_cv_env_LD_set=
ac_cv_env_LD_value=
ac_cv_env_LIBS_set=
ac_cv_env_LIBS_value=
ac_cv_env_LIPO_FOR_TARGET_set=
ac_cv_env_LIPO_FOR_TARGET_value=
ac_cv_env_LIPO_set=
ac_cv_env_LIPO_value=
ac_cv_env_NM_FOR_TARGET_set=
ac_cv_env_NM_FOR_TARGET_value=
ac_cv_env_NM_set=
ac_cv_env_NM_value=
ac_cv_env_OBJCOPY_FOR_TARGET_set=
ac_cv_env_OBJCOPY_FOR_TARGET_value=
ac_cv_env_OBJCOPY_set=
ac_cv_env_OBJCOPY_value=
ac_cv_env_OBJDUMP_FOR_TARGET_set=
ac_cv_env_OBJDUMP_FOR_TARGET_value=
ac_cv_env_OBJDUMP_set=
ac_cv_env_OBJDUMP_value=
ac_cv_env_OTOOL_FOR_TARGET_set=
ac_cv_env_OTOOL_FOR_TARGET_value=
ac_cv_env_OTOOL_set=
ac_cv_env_OTOOL_value=
ac_cv_env_RANLIB_FOR_TARGET_set=
ac_cv_env_RANLIB_FOR_TARGET_value=
ac_cv_env_RANLIB_set=
ac_cv_env_RANLIB_value=
ac_cv_env_READELF_FOR_TARGET_set=
ac_cv_env_READELF_FOR_TARGET_value=
ac_cv_env_READELF_set=
ac_cv_env_READELF_value=
ac_cv_env_STRIP_FOR_TARGET_set=
ac_cv_env_STRIP_FOR_TARGET_value=
ac_cv_env_STRIP_set=
ac_cv_env_STRIP_value=
ac_cv_env_WINDMC_FOR_TARGET_set=
ac_cv_env_WINDMC_FOR_TARGET_value=
ac_cv_env_WINDMC_set=
ac_cv_env_WINDMC_value=
ac_cv_env_WINDRES_FOR_TARGET_set=
ac_cv_env_WINDRES_FOR_TARGET_value=
ac_cv_env_WINDRES_set=
ac_cv_env_WINDRES_value=
ac_cv_env_build_alias_set=
ac_cv_env_build_alias_value=
ac_cv_env_build_configargs_set=
ac_cv_env_build_configargs_value=
ac_cv_env_host_alias_set=
ac_cv_env_host_alias_value=
ac_cv_env_host_configargs_set=
ac_cv_env_host_configargs_value=
ac_cv_env_target_alias_set=set
ac_cv_env_target_alias_value=i686-elf
ac_cv_env_target_configargs_set=
ac_cv_env_target_configargs_value=
ac_cv_host=x86_64-pc-linux-gnu
ac_cv_objext=o
ac_cv_path_SED=/usr/bin/sed
ac_cv_path_install='/usr/bin/install -c'
ac_cv_prog_AR=ar
ac_cv_prog_AS=as
ac_cv_prog_AWK=gawk
ac_cv_prog_BISON=bison
ac_cv_prog_FLEX=flex
ac_cv_prog_LD=ld
ac_cv_prog_LEX=flex
ac_cv_prog_M4=m4
ac_cv_prog_MAKEINFO=makeinfo
ac_cv_prog_NM=nm
ac_cv_prog_OBJCOPY=objcopy
ac_cv_prog_OBJDUMP=objdump
ac_cv_prog_RANLIB=ranlib
ac_cv_prog_READELF=readelf
ac_cv_prog_STRIP=strip
ac_cv_prog_YACC='bison -y'
ac_cv_prog_ac_ct_CC=gcc
ac_cv_prog_ac_ct_CXX=g++
ac_cv_prog_cc_c89=
ac_cv_prog_cc_c99=
ac_cv_prog_cc_g=yes
ac_cv_prog_cxx_g=yes
ac_cv_target=i686-pc-elf
acx_cv_cc_gcc_supports_ada=no
acx_cv_d_compiler_works=no
acx_cv_prog_LN=ln
gcc_cv_isl=yes
gcc_cv_prog_cmp_skip='cmp --ignore-initial=16 $$f1 $$f2'
gcc_cv_tool_dirs=
gcc_cv_tool_prefix=/home/aidan/os-project/cross-compiler
lt_cv_objdir=.libs

## ----------------- ##
## Output variables. ##
## ----------------- ##

AR='ar'
AR_FOR_BUILD='$(AR)'
AR_FOR_TARGET='$$r/$(HOST_SUBDIR)/binutils/ar'
AR_PLUGIN_OPTION='--plugin /usr/lib/gcc/x86_64-linux-gnu/11/liblto_plugin.so'
AS='as'
AS_FOR_BUILD='$(AS)'
AS_FOR_TARGET='$$r/$(HOST_SUBDIR)/gas/as-new'
AWK='gawk'
BISON='bison'
BUILD_CONFIG=''
CC='gcc'
CC_FOR_BUILD='$(CC)'
CC_FOR_TARGET='i686-elf-cc'
CFLAGS='-g -O2'
CFLAGS_FOR_BUILD='-g -O2'
CFLAGS_FOR_TARGET='-g -O2'
COMPILER_AS_FOR_TARGET='$(AS_FOR_TARGET)'
COMPILER_LD_FOR_TARGET='$(LD_FOR_TARGET)'
COMPILER_NM_FOR_TARGET='$(NM_FOR_TARGET)'
CONFIGURE_GDB_TK=''
CPPFLAGS=''
CPPFLAGS_FOR_BUILD=''
CPP_FOR_BUILD=''
CXX='g++'
CXXFLAGS='-g -O2'
CXXFLAGS_FOR_BUILD='-g -O2'
CXXFLAGS_FOR_TARGET='-g -O2'
CXX_FOR_BUILD='$(CXX)'
CXX_FOR_TARGET='i686-elf-c++'
DEBUG_PREFIX_CFLAGS_FOR_TARGET=''
DEFS='-DPACKAGE_NAME=\"\" -DPACKAGE_TARNAME=\"\" -DPACKAGE_VERSION=\"\" -DPACKAGE_STRING=\"\" -DPACKAGE_BUGREPORT=\"\" -DPACKAGE_URL=\"\" -DLT_OBJDIR=\".libs/\"'
DLLTOOL='dlltool'
DLLTOOL_FOR_BUILD='$(DLLTOOL)'
DLLTOOL_FOR_TARGET='$$r/$(HOST_SUBDIR)/binutils/dlltool'
DSYMUTIL='dsymutil'
DSYMUTIL_FOR_BUILD='$(DSYMUTIL)'
DSYMUTIL_FOR_TARGET='i686-elf-dsymutil'
ECHO_C=''
ECHO_N='-n'
ECHO_T=''
EXEEXT=''
EXPECT='expect'
FLAGS_FOR_TARGET=' -L$$r/$(HOST_SUBDIR)/ld'
FLEX='flex'
GCC_FOR_TARGET='i686-elf-gcc'
GCC_SHLIB_SUBDIR=''
GDB_TK=''
GDC='no'
GDCFLAGS='-g -O2'
GDC_FOR_BUILD='$(GDC)'
GDC_FOR_TARGET='i686-elf-gdc'
GFORTRAN_FOR_BUILD='$(GFORTRAN)'
GFORTRAN_FOR_TARGET='i686-elf-gfortran'
GM2_FOR_TARGET='i686-elf-gm2'
GNATBIND='no'
GNATMAKE='no'
GOC_FOR_BUILD='$(GOC)'
GOC_FOR_TARGET='i686-elf-gccgo'
HAVE_CXX11=''
HAVE_CXX11_FOR_BUILD=''
INSTALL_DATA='${INSTALL} -m 644'
INSTALL_GDB_TK=''
INSTALL_PROGRAM='${INSTALL}'
INSTALL_SCRIPT='${INSTALL}'
LD='ld'
LDFLAGS=''
LDFLAGS_FOR_BUILD=''
LDFLAGS_FOR_TARGET=''
LD_FOR_BUILD='$(LD)'
LD_FOR_TARGET='$$r/$(HOST_SUBDIR)/ld/ld-new'
LEX='flex'
LIBOBJS=''
LIBS=''
LIPO='lipo'
LIPO_FOR_TARGET='i686-elf-lipo'
LN='ln'
LN_S='ln -s'
LTLIBOBJS=''
M4='m4'
MAINT='#'
MAINTAINER_MODE_FALSE=''
MAINTAINER_MODE_TRUE='#'
MAKEINFO='makeinfo'
NM='nm'
NM_FOR_BUILD='$(NM)'
NM_FOR_TARGET='$$r/$(HOST_SUBDIR)/binutils/nm-new'
OBJCOPY='objcopy'
OBJCOPY_FOR_TARGET='$$r/$(HOST_SUBDIR)/binutils/objcopy'
OBJDUMP='objdump'
OBJDUMP_FOR_TARGET='$$r/$(HOST_SUBDIR)/binutils/objdump'
OBJEXT='o'
OTOOL='otool'
OTOOL_FOR_TARGET='i686-elf-otool'
PACKAGE_BUGREPORT=''
PACKAGE_NAME=''
PACKAGE_STRING=''
PACKAGE_TARNAME=''
PACKAGE_URL=''
PACKAGE_VERSION=''
PATH_SEPARATOR=':'
PGO_BUILD_GEN_CFLAGS=''
PGO_BUILD_LTO_CFLAGS=''
PGO_BUILD_USE_CFLAGS=''
PICFLAG=''
PKG_CONFIG_PATH=''
RANLIB='ranlib'
RANLIB_FOR_BUILD='$(RANLIB)'
RANLIB_FOR_TARGET='$$r/$(HOST_SUBDIR)/binutils/ranlib'
RANLIB_PLUGIN_OPTION='--plugin /usr/lib/gcc/x86_64-linux-gnu/11/liblto_plugin.so'
RAW_CXX_FOR_TARGET='i686-elf-c++'
READELF='readelf'
READELF_FOR_TARGET='$$r/$(HOST_SUBDIR)/binutils/readelf'
RPATH_ENVVAR='LD_LIBRARY_PATH'
RUNTEST='runtest'
SED='/usr/bin/sed'
SHELL='/bin/bash'
STRIP='strip'
STRIP_FOR_TARGET='$$r/$(HOST_SUBDIR)/binutils/strip-new'
SYSROOT_CFLAGS_FOR_TARGET=''
TOPLEVEL_CONFIGURE_ARGUMENTS='../../binutils/binutils-2.42.90/configure --target=i686-elf --prefix=/home/aidan/os-project/cross-compiler/ --with-sysroot --disable-nls --disable-werror'
WINDMC='windmc'
WINDMC_FOR_BUILD='$(WINDMC)'
WINDMC_FOR_TARGET='$$r/$(HOST_SUBDIR)/binutils/windmc'
WINDRES='windres'
WINDRES_FOR_BUILD='$(WINDRES)'
WINDRES_FOR_TARGET='$$r/$(HOST_SUBDIR)/binutils/windres'
YACC='bison -y'
ac_ct_CC='gcc'
ac_ct_CXX='g++'
bindir='${exec_prefix}/bin'
build='x86_64-pc-linux-gnu'
build_alias=''
build_configargs=' --cache-file=./config.cache '\''--prefix=/home/aidan/os-project/cross-compiler/'\'' '\''--with-sysroot'\'' '\''--disable-nls'\'' '\''--disable-werror'\'' --program-transform-name='\''s&^&i686-elf-&'\'' --disable-option-checking --disable-year2038'
build_configdirs=' libiberty'
build_cpu='x86_64'
build_libsubdir='build-x86_64-pc-linux-gnu'
build_noncanonical='x86_64-pc-linux-gnu'
build_os='linux-gnu'
build_subdir='build-x86_64-pc-linux-gnu'
build_tooldir='${exec_prefix}/i686-elf'
build_vendor='pc'
compare_exclusions='gcc/cc*-checksum$(objext) | gcc/ada/*tools/* | gcc/m2/gm2-compiler-boot/M2Version* | gcc/m2/gm2-compiler-boot/SYSTEM* | gcc/m2/gm2version*'
configdirs=' libiberty opcodes bfd zlib libctf libsframe binutils gas ld gprof etc'
datadir='${datarootdir}'
datarootdir='${prefix}/share'
do_compare='cmp --ignore-initial=16 $$f1 $$f2'
docdir='${datarootdir}/doc/${PACKAGE}'
dvidir='${docdir}'
exec_prefix='${prefix}'
extra_host_libiberty_configure_flags=''
extra_host_zlib_configure_flags=''
extra_isl_gmp_configure_flags=''
extra_linker_plugin_configure_flags=''
extra_linker_plugin_flags=''
extra_mpc_gmp_configure_flags=''
extra_mpc_mpfr_configure_flags=''
extra_mpfr_configure_flags=''
gcc_host_pie=''
get_gcc_base_ver='cat'
gmpinc=''
gmplibs='-lmpfr -lgmp'
host='x86_64-pc-linux-gnu'
host_alias=''
host_configargs=' --cache-file=./config.cache  --with-gnu-as --with-gnu-ld '\''--prefix=/home/aidan/os-project/cross-compiler/'\'' '\''--with-sysroot'\'' '\''--disable-nls'\'' '\''--disable-werror'\'' --program-transform-name='\''s&^&i686-elf-&'\'' --disable-option-checking --disable-year2038'
host_cpu='x86_64'
host_libs_picflag=''
host_noncanonical='x86_64-pc-linux-gnu'
host_os='linux-gnu'
host_pie='no'
host_shared='no'
host_subdir='.'
host_vendor='pc'
htmldir='${docdir}'
includedir='${prefix}/include'
infodir='${datarootdir}/info'
islinc=''
isllibs=' -lisl'
libdir='${exec_prefix}/lib'
libexecdir='${exec_prefix}/libexec'
localedir='${datarootdir}/locale'
localstatedir='${prefix}/var'
mandir='${datarootdir}/man'
oldincludedir='/usr/include'
pdfdir='${docdir}'
poststage1_ldflags='-static-libstdc++ -static-libgcc'
poststage1_libs=''
prefix='/home/aidan/os-project/cross-compiler'
program_transform_name='s&^&i686-elf-&'
psdir='${docdir}'
sbindir='${exec_prefix}/sbin'
sharedstatedir='${prefix}/com'
stage1_cflags='-g'
stage1_checking='--enable-checking=yes,types'
stage1_languages=',c,'
stage1_ldflags=''
stage1_libs=''
stage2_werror_flag=''
sysconfdir='${prefix}/etc'
target='i686-pc-elf'
target_alias='i686-elf'
target_configargs='--cache-file=./config.cache --enable-multilib --with-cross-host=x86_64-pc-linux-gnu   '\''--prefix=/home/aidan/os-project/cross-compiler/'\'' '\''--with-sysroot'\'' '\''--disable-nls'\'' '\''--disable-werror'\'' --program-transform-name='\''s&^&i686-elf-&'\'' --disable-option-checking --disable-year2038'
target_configdirs=''
target_cpu='i686'
target_noncanonical='i686-elf'
target_os='elf'
target_subdir='i686-elf'
target_vendor='pc'
tooldir='${exec_prefix}/i686-elf'

## ------------------- ##
## File substitutions. ##
## ------------------- ##

alphaieee_frag='/dev/null'
host_makefile_frag='/dev/null'
ospace_frag='/dev/null'
serialization_dependencies='serdep.tmp'
target_makefile_frag='/dev/null'

## ----------- ##
## confdefs.h. ##
## ----------- ##

/* confdefs.h */
#define PACKAGE_NAME ""
#define PACKAGE_TARNAME ""
#define PACKAGE_VERSION ""
#define PACKAGE_STRING ""
#define PACKAGE_BUGREPORT ""
#define PACKAGE_URL ""
#define LT_OBJDIR ".libs/"

configure: exit 0
